d:\lenovosoftstore\network\lab3\wpdpack_4_1_2\wpdpack\examples-pcap\debug\x86\vc142.pdb
d:\lenovosoftstore\network\lab3\wpdpack_4_1_2\wpdpack\examples-pcap\debug\x86\vc142.idb
d:\lenovosoftstore\network\lab3\wpdpack_4_1_2\wpdpack\examples-pcap\debug\x86\udpdump.obj
d:\lenovosoftstore\network\lab3\wpdpack_4_1_2\wpdpack\examples-pcap\debug\x86\udpdump.ilk
d:\lenovosoftstore\network\lab3\wpdpack_4_1_2\wpdpack\examples-pcap\debug\x86\udpdump.exe
d:\lenovosoftstore\network\lab3\wpdpack_4_1_2\wpdpack\examples-pcap\debug\x86\udpdump.pdb
d:\lenovosoftstore\network\lab3\wpdpack_4_1_2\wpdpack\examples-pcap\debug\x86\readfile.obj
d:\lenovosoftstore\network\lab3\wpdpack_4_1_2\wpdpack\examples-pcap\debug\x86\readfile_ex.obj
d:\lenovosoftstore\network\lab3\wpdpack_4_1_2\wpdpack\examples-pcap\debug\x86\readfile.ilk
d:\lenovosoftstore\network\lab3\wpdpack_4_1_2\wpdpack\examples-pcap\debug\x86\readfile_ex.ilk
d:\lenovosoftstore\network\lab3\wpdpack_4_1_2\wpdpack\examples-pcap\debug\x86\readfile.pdb
d:\lenovosoftstore\network\lab3\wpdpack_4_1_2\wpdpack\examples-pcap\debug\x86\readfile_ex.pdb
d:\lenovosoftstore\network\lab3\wpdpack_4_1_2\wpdpack\examples-pcap\\debug\x86\udpdump.pdb
d:\lenovosoftstore\network\lab3\wpdpack_4_1_2\wpdpack\examples-pcap\\debug\x86\udpdump.ilk
d:\lenovosoftstore\network\lab3\wpdpack_4_1_2\wpdpack\examples-pcap\debug\x86\udpdump.tlog\cl.command.1.tlog
d:\lenovosoftstore\network\lab3\wpdpack_4_1_2\wpdpack\examples-pcap\debug\x86\udpdump.tlog\cl.read.1.tlog
d:\lenovosoftstore\network\lab3\wpdpack_4_1_2\wpdpack\examples-pcap\debug\x86\udpdump.tlog\cl.write.1.tlog
d:\lenovosoftstore\network\lab3\wpdpack_4_1_2\wpdpack\examples-pcap\debug\x86\udpdump.tlog\link.command.1.tlog
d:\lenovosoftstore\network\lab3\wpdpack_4_1_2\wpdpack\examples-pcap\debug\x86\udpdump.tlog\link.read.1.tlog
d:\lenovosoftstore\network\lab3\wpdpack_4_1_2\wpdpack\examples-pcap\debug\x86\udpdump.tlog\link.write.1.tlog
