d:\program files\vs2019\sourse\network\listentonetwork\debug\vc142.pdb
d:\program files\vs2019\sourse\network\listentonetwork\debug\vc142.idb
d:\program files\vs2019\sourse\network\listentonetwork\debug\main.obj
d:\program files\vs2019\sourse\network\listentonetwork\debug\capture.obj
d:\program files\vs2019\sourse\network\ftp\debug\vc142.pdb
d:\program files\vs2019\sourse\network\ftp\debug\vc142.idb
d:\program files\vs2019\sourse\network\ftp\debug\main.obj
d:\program files\vs2019\sourse\network\ftp\debug\capture.obj
d:\program files\vs2019\sourse\network\listentonetwork\debug\listentonetwork.ilk
d:\program files\vs2019\sourse\network\listentonetwork\debug\listentonetwork.exe
d:\program files\vs2019\sourse\network\listentonetwork\debug\listentonetwork.pdb
d:\program files\vs2019\sourse\network\ftp\debug\listentonetwork.exe
d:\program files\vs2019\sourse\network\ftp\debug\listentonetwork.ilk
d:\program files\vs2019\sourse\network\ftp\debug\listentonetwork.pdb
c:\users\可可儿\desktop\ftp\debug\capture.obj
c:\users\可可儿\desktop\ftp\debug\main.obj
c:\users\可可儿\desktop\ftp\debug\listentonetwork.ilk
c:\users\可可儿\desktop\ftp\debug\vc142.idb
c:\users\可可儿\desktop\ftp\debug\listentonetwork.pdb
c:\users\可可儿\desktop\ftp\debug\vc142.pdb
c:\users\可可儿\desktop\ftp\debug\listentonetwork.exe
c:\users\可可儿\desktop\ftp\debug\listentonetwork.tlog\cl.command.1.tlog
c:\users\可可儿\desktop\ftp\debug\listentonetwork.tlog\cl.read.1.tlog
c:\users\可可儿\desktop\ftp\debug\listentonetwork.tlog\cl.write.1.tlog
c:\users\可可儿\desktop\ftp\debug\listentonetwork.tlog\link.command.1.tlog
c:\users\可可儿\desktop\ftp\debug\listentonetwork.tlog\link.read.1.tlog
c:\users\可可儿\desktop\ftp\debug\listentonetwork.tlog\link.write.1.tlog
